<?xml version="1.0" encoding="UTF-8"?>
<!-- Generated by org.testng.reporters.JUnitReportReporter -->
<testsuite skipped="0" hostname="ISILBLRLT10086" name="MavenProject1.FreeCRM.TestNgbasics" tests="1" failures="0" timestamp="04 Mar 2020 13:06:12 GMT" time="0.006" errors="0">
  <testcase name="test" time="0.006" classname="MavenProject1.FreeCRM.TestNgbasics"/>
</testsuite> <!-- MavenProject1.FreeCRM.TestNgbasics -->
