<?xml version="1.0" encoding="UTF-8"?>
<!-- Generated by org.testng.reporters.JUnitReportReporter -->
<testsuite skipped="0" hostname="ISILBLRLT10086" name="com.qa.testcases.CasesPageTest" tests="2" failures="0" timestamp="10 Mar 2020 22:11:31 GMT" time="192.833" errors="0">
  <testcase name="titleofCaseTest" time="97.675" classname="com.qa.testcases.CasesPageTest"/>
  <testcase name="logoDisplayTest" time="95.158" classname="com.qa.testcases.CasesPageTest"/>
</testsuite> <!-- com.qa.testcases.CasesPageTest -->
